<?xml version="1.0" encoding="UTF-8"?>
<testng-results ignored="0" total="1" passed="1" failed="0" skipped="0">
  <reporter-output>
  </reporter-output>
  <suite started-at="2023-11-23T17:31:46 IST" name="Default suite" finished-at="2023-11-23T17:32:25 IST" duration-ms="39582">
    <groups>
    </groups>
    <test started-at="2023-11-23T17:31:46 IST" name="Default test" finished-at="2023-11-23T17:32:25 IST" duration-ms="39582">
      <class name="Module1_login_Test.SwagLabsLoginTest">
        <test-method is-config="true" signature="openBrowser()[pri:0, instance:Module1_login_Test.SwagLabsLoginTest@1d296da]" started-at="2023-11-23T17:31:46 IST" name="openBrowser" finished-at="2023-11-23T17:32:11 IST" duration-ms="25401" status="PASS">
          <reporter-output>
          </reporter-output>
        </test-method> <!-- openBrowser -->
        <test-method is-config="true" signature="Loginpage()[pri:0, instance:Module1_login_Test.SwagLabsLoginTest@1d296da]" started-at="2023-11-23T17:32:11 IST" name="Loginpage" finished-at="2023-11-23T17:32:19 IST" duration-ms="7779" status="PASS">
          <reporter-output>
          </reporter-output>
        </test-method> <!-- Loginpage -->
        <test-method signature="verifyTitle()[pri:0, instance:Module1_login_Test.SwagLabsLoginTest@1d296da]" started-at="2023-11-23T17:32:19 IST" name="verifyTitle" finished-at="2023-11-23T17:32:20 IST" duration-ms="1334" status="PASS">
          <reporter-output>
          </reporter-output>
        </test-method> <!-- verifyTitle -->
        <test-method is-config="true" signature="LogoutApp(org.testng.ITestResult)[pri:0, instance:Module1_login_Test.SwagLabsLoginTest@1d296da]" started-at="2023-11-23T17:32:20 IST" name="LogoutApp" finished-at="2023-11-23T17:32:25 IST" duration-ms="4260" status="PASS">
          <params>
            <param index="0">
              <value>
                <![CDATA[[TestResult name=verifyTitle status=SUCCESS method=SwagLabsLoginTest.verifyTitle()[pri:0, instance:Module1_login_Test.SwagLabsLoginTest@1d296da] output={null}]]]>
              </value>
            </param>
          </params>
          <reporter-output>
          </reporter-output>
        </test-method> <!-- LogoutApp -->
        <test-method is-config="true" signature="closeBrowser()[pri:0, instance:Module1_login_Test.SwagLabsLoginTest@1d296da]" started-at="2023-11-23T17:32:25 IST" name="closeBrowser" finished-at="2023-11-23T17:32:25 IST" duration-ms="717" status="PASS">
          <reporter-output>
          </reporter-output>
        </test-method> <!-- closeBrowser -->
      </class> <!-- Module1_login_Test.SwagLabsLoginTest -->
    </test> <!-- Default test -->
  </suite> <!-- Default suite -->
</testng-results>
