<?xml version="1.0" encoding="UTF-8"?>
<testng-results ignored="0" total="1" passed="1" failed="0" skipped="0">
  <reporter-output>
  </reporter-output>
  <suite started-at="2023-11-27T15:51:47 IST" name="Default suite" finished-at="2023-11-27T15:52:39 IST" duration-ms="52322">
    <groups>
    </groups>
    <test started-at="2023-11-27T15:51:47 IST" name="Default test" finished-at="2023-11-27T15:52:39 IST" duration-ms="52322">
      <class name="Module1_login_Test.SwagLabsLoginTest">
        <test-method is-config="true" signature="openBrowser()[pri:0, instance:Module1_login_Test.SwagLabsLoginTest@175c2241]" started-at="2023-11-27T15:51:47 IST" name="openBrowser" finished-at="2023-11-27T15:52:24 IST" duration-ms="37673" status="PASS">
          <reporter-output>
          </reporter-output>
        </test-method> <!-- openBrowser -->
        <test-method is-config="true" signature="Loginpage()[pri:0, instance:Module1_login_Test.SwagLabsLoginTest@175c2241]" started-at="2023-11-27T15:52:24 IST" name="Loginpage" finished-at="2023-11-27T15:52:32 IST" duration-ms="7685" status="PASS">
          <reporter-output>
          </reporter-output>
        </test-method> <!-- Loginpage -->
        <test-method signature="verifyTitle()[pri:0, instance:Module1_login_Test.SwagLabsLoginTest@175c2241]" started-at="2023-11-27T15:52:32 IST" name="verifyTitle" finished-at="2023-11-27T15:52:34 IST" duration-ms="1611" status="PASS">
          <reporter-output>
          </reporter-output>
        </test-method> <!-- verifyTitle -->
        <test-method is-config="true" signature="LogoutApp(org.testng.ITestResult)[pri:0, instance:Module1_login_Test.SwagLabsLoginTest@175c2241]" started-at="2023-11-27T15:52:34 IST" name="LogoutApp" finished-at="2023-11-27T15:52:38 IST" duration-ms="4232" status="PASS">
          <params>
            <param index="0">
              <value>
                <![CDATA[[TestResult name=verifyTitle status=SUCCESS method=SwagLabsLoginTest.verifyTitle()[pri:0, instance:Module1_login_Test.SwagLabsLoginTest@175c2241] output={null}]]]>
              </value>
            </param>
          </params>
          <reporter-output>
          </reporter-output>
        </test-method> <!-- LogoutApp -->
        <test-method is-config="true" signature="closeBrowser()[pri:0, instance:Module1_login_Test.SwagLabsLoginTest@175c2241]" started-at="2023-11-27T15:52:38 IST" name="closeBrowser" finished-at="2023-11-27T15:52:39 IST" duration-ms="1034" status="PASS">
          <reporter-output>
          </reporter-output>
        </test-method> <!-- closeBrowser -->
      </class> <!-- Module1_login_Test.SwagLabsLoginTest -->
    </test> <!-- Default test -->
  </suite> <!-- Default suite -->
</testng-results>
